<?xml version="1.0" encoding="UTF-8"?>
<!-- Generated by org.testng.reporters.JUnitReportReporter -->
<testsuite hostname="DESKTOP-7RU4KS3" failures="0" tests="4" name="testRunner.Runner" time="0.101" errors="0" timestamp="2022-12-05T17:37:32 IST" skipped="4">
  <testcase classname="testRunner.Runner" name="runScenario" time="0.001">
    <skipped/>
  </testcase> <!-- runScenario -->
  <system-out/>
  <testcase classname="testRunner.Runner" name="runScenario" time="0.096">
    <skipped/>
  </testcase> <!-- runScenario -->
  <system-out/>
  <testcase classname="testRunner.Runner" name="runScenario" time="0.003">
    <skipped/>
  </testcase> <!-- runScenario -->
  <system-out/>
  <testcase classname="testRunner.Runner" name="runScenario" time="0.001">
    <skipped/>
  </testcase> <!-- runScenario -->
  <system-out/>
</testsuite> <!-- testRunner.Runner -->
