<?xml version="1.0" encoding="UTF-8"?>
<!-- Generated by org.testng.reporters.JUnitReportReporter -->
<testsuite hostname="DESKTOP-7RU4KS3" failures="0" tests="1" name="testRunner.Match" time="0.127" errors="0" timestamp="2022-12-06T19:50:08 IST" skipped="0">
  <testcase classname="testRunner.Match" name="runScenario" time="0.127"/>
  <system-out/>
</testsuite> <!-- testRunner.Match -->
