<?xml version="1.0" encoding="UTF-8"?>
<!-- Generated by org.testng.reporters.JUnitReportReporter -->
<testsuite hostname="DESKTOP-7RU4KS3" failures="0" tests="7" name="testRunner.Runner" time="14.165" errors="7" timestamp="2022-12-06T19:41:55 IST" skipped="0">
  <testcase classname="testRunner.Runner" name="runScenario" time="2.009">
    <error message="Cannot invoke &quot;org.openqa.selenium.remote.RemoteWebDriver.findElementById(String)&quot; because &quot;pages.LogInPage.driver&quot; is null" type="java.lang.NullPointerException">
      <![CDATA[java.lang.NullPointerException: Cannot invoke "org.openqa.selenium.remote.RemoteWebDriver.findElementById(String)" because "pages.LogInPage.driver" is null
at pages.LogInPage.login(LogInPage.java:22)
at steps.LoginSteps.user_enters_Invalid_and(LoginSteps.java:58)
at ✽.user enters Invalid "GreensAnna1" and ""(features\login.feature:31)
]]>
    </error>
  </testcase> <!-- runScenario -->
  <system-out/>
  <testcase classname="testRunner.Runner" name="runScenario" time="2.104">
    <error message="Cannot invoke &quot;org.openqa.selenium.remote.RemoteWebDriver.findElementById(String)&quot; because &quot;pages.LogInPage.driver&quot; is null" type="java.lang.NullPointerException">
      <![CDATA[java.lang.NullPointerException: Cannot invoke "org.openqa.selenium.remote.RemoteWebDriver.findElementById(String)" because "pages.LogInPage.driver" is null
at pages.LogInPage.login(LogInPage.java:22)
at steps.LoginSteps.user_enters_valid_username_and_password(LoginSteps.java:39)
at ✽.user enters valid username and password(features\login.feature:8)
]]>
    </error>
  </testcase> <!-- runScenario -->
  <system-out/>
  <testcase classname="testRunner.Runner" name="runScenario" time="2.010">
    <error message="Cannot invoke &quot;org.openqa.selenium.remote.RemoteWebDriver.findElementById(String)&quot; because &quot;pages.LogInPage.driver&quot; is null" type="java.lang.NullPointerException">
      <![CDATA[java.lang.NullPointerException: Cannot invoke "org.openqa.selenium.remote.RemoteWebDriver.findElementById(String)" because "pages.LogInPage.driver" is null
at pages.LogInPage.login(LogInPage.java:22)
at steps.LoginSteps.user_enters_Invalid_and(LoginSteps.java:58)
at ✽.user enters Invalid "rishik7" and "rishik7"(features\login.feature:16)
]]>
    </error>
  </testcase> <!-- runScenario -->
  <system-out/>
  <testcase classname="testRunner.Runner" name="runScenario" time="2.002">
    <error message="Cannot invoke &quot;org.openqa.selenium.remote.RemoteWebDriver.findElementById(String)&quot; because &quot;pages.LogInPage.driver&quot; is null" type="java.lang.NullPointerException">
      <![CDATA[java.lang.NullPointerException: Cannot invoke "org.openqa.selenium.remote.RemoteWebDriver.findElementById(String)" because "pages.LogInPage.driver" is null
at pages.LogInPage.login(LogInPage.java:22)
at steps.LoginSteps.user_enters_Invalid_and(LoginSteps.java:58)
at ✽.user enters Invalid "rishik7" and "GreensAnna1"(features\login.feature:16)
]]>
    </error>
  </testcase> <!-- runScenario -->
  <system-out/>
  <testcase classname="testRunner.Runner" name="runScenario" time="2.015">
    <error message="Cannot invoke &quot;org.openqa.selenium.remote.RemoteWebDriver.findElementById(String)&quot; because &quot;pages.LogInPage.driver&quot; is null" type="java.lang.NullPointerException">
      <![CDATA[java.lang.NullPointerException: Cannot invoke "org.openqa.selenium.remote.RemoteWebDriver.findElementById(String)" because "pages.LogInPage.driver" is null
at pages.LogInPage.login(LogInPage.java:22)
at steps.LoginSteps.user_enters_Invalid_and(LoginSteps.java:58)
at ✽.user enters Invalid "GreensAnna1" and "rishik7"(features\login.feature:16)
]]>
    </error>
  </testcase> <!-- runScenario -->
  <system-out/>
  <testcase classname="testRunner.Runner" name="runScenario" time="2.013">
    <error message="Cannot invoke &quot;org.openqa.selenium.remote.RemoteWebDriver.findElementById(String)&quot; because &quot;pages.LogInPage.driver&quot; is null" type="java.lang.NullPointerException">
      <![CDATA[java.lang.NullPointerException: Cannot invoke "org.openqa.selenium.remote.RemoteWebDriver.findElementById(String)" because "pages.LogInPage.driver" is null
at pages.LogInPage.login(LogInPage.java:22)
at steps.LoginSteps.user_enters_Invalid_and(LoginSteps.java:58)
at ✽.user enters Invalid "" and "GreensAnna1"(features\login.feature:31)
]]>
    </error>
  </testcase> <!-- runScenario -->
  <system-out/>
  <testcase classname="testRunner.Runner" name="runScenario" time="2.012">
    <error message="Cannot invoke &quot;org.openqa.selenium.remote.RemoteWebDriver.findElementById(String)&quot; because &quot;pages.LogInPage.driver&quot; is null" type="java.lang.NullPointerException">
      <![CDATA[java.lang.NullPointerException: Cannot invoke "org.openqa.selenium.remote.RemoteWebDriver.findElementById(String)" because "pages.LogInPage.driver" is null
at pages.LogInPage.login(LogInPage.java:22)
at steps.LoginSteps.user_enters_Invalid_and(LoginSteps.java:58)
at ✽.user enters Invalid "" and ""(features\login.feature:31)
]]>
    </error>
  </testcase> <!-- runScenario -->
  <system-out/>
</testsuite> <!-- testRunner.Runner -->
