<?xml version="1.0" encoding="UTF-8"?>
<!-- Generated by org.testng.reporters.JUnitReportReporter -->
<testsuite hostname="DESKTOP-7RU4KS3" failures="0" tests="1" name="testRunner.Runner" time="6.012" errors="0" timestamp="2022-12-06T15:02:21 IST" skipped="1">
  <testcase classname="testRunner.Runner" name="runScenario" time="6.012">
    <skipped/>
  </testcase> <!-- runScenario -->
  <system-out/>
</testsuite> <!-- testRunner.Runner -->
